
> vibe-generated-app@1.0.0 dev
> vite


  VITE v5.4.20  ready in 262 ms

  ➜  Local:   http://localhost:3000/
  ➜  Network: http://172.20.17.39:3000/
11:25:59 AM [vite] Pre-transform error: Transform failed with 1 error:
/home/workspace/src/components/Gallery.jsx:43:29: ERROR: Expected ";" but found "n"
11:26:32 AM [vite] Internal server error: Transform failed with 1 error:
/home/workspace/src/components/Gallery.jsx:43:29: ERROR: Expected ";" but found "n"
  Plugin: vite:esbuild
  File: /home/workspace/src/components/Gallery.jsx:43:29
  
  Expected ";" but found "n"
  41 |    }
  42 |  
  43 |    const handleCopy = async ()n => {
     |                               ^
  44 |      await showFakeAd()
  45 |      await navigator.clipboard.writeText(prompt)
  
      at failureErrorWithLog (/home/workspace/node_modules/esbuild/lib/main.js:1472:15)
      at /home/workspace/node_modules/esbuild/lib/main.js:755:50
      at responseCallbacks.<computed> (/home/workspace/node_modules/esbuild/lib/main.js:622:9)
      at handleIncomingPacket (/home/workspace/node_modules/esbuild/lib/main.js:677:12)
      at Socket.readFromStdout (/home/workspace/node_modules/esbuild/lib/main.js:600:7)
      at Socket.emit (node:events:508:28)
      at addChunk (node:internal/streams/readable:559:12)
      at readableAddChunkPushByteMode (node:internal/streams/readable:510:3)
      at Readable.push (node:internal/streams/readable:390:5)
      at Pipe.onStreamRead (node:internal/stream_base_commons:189:23)
